         w __deregister_frame_info
         w __gnu_Unwind_Find_exidx
         w __register_frame_info
         w _ITM_deregisterTMCloneTable
         w _ITM_registerTMCloneTable
00000000 b .LANCHOR1
00000000 00000401 b __fixedpath
00000000 b _TLS_MODULE_BASE_
00000000 a shift
00000000 a shift
00000404 b .LANCHOR3
00000404 00000802 b __utf16path
00000c08 b .LANCHOR5
00000c08 00000802 b __utf16path_old.8583
00100000 A __start__
00100000 T _start
00100008 T __service_ptr
0010000c T __apt_appid
00100010 T __heap_size
00100014 T __linear_heap_size
00100018 T __system_arglist
0010001c T __system_runflags
00100020 t startup
00100058 t ClearMem
0010006c t ClrLoop
00100094 T _init
001000ac T initSystem
001000f0 T __ctru_exit
00100110 t .udivsi3_skip_div0_test
00100110 T __aeabi_uidiv
00100110 000001ec T __udivsi3
001002fc 00000020 T __aeabi_uidivmod
0010031c T __aeabi_idiv
0010031c 00000220 T __divsi3
00100324 t .divsi3_skip_div0_test
0010053c 00000020 T __aeabi_idivmod
0010055c 00000004 W __aeabi_idiv0
0010055c 00000004 W __aeabi_ldiv0
00100560 T __aeabi_drsub
00100568 000002b0 T __aeabi_dsub
00100568 000002b0 T __subdf3
0010056c 000002ac T __adddf3
0010056c 000002ac T __aeabi_dadd
00100818 00000024 T __aeabi_ui2d
00100818 00000024 T __floatunsidf
0010083c 00000028 T __aeabi_i2d
0010083c 00000028 T __floatsidf
00100864 00000048 T __aeabi_f2d
00100864 00000048 T __extendsfdf2
001008ac 00000074 T __aeabi_ul2d
001008ac 00000074 T __floatundidf
001008c0 00000060 T __aeabi_l2d
001008c0 00000060 T __floatdidf
00100920 T __aeabi_uldivmod
0010095c 00000014 T __restore_core_regs
0010095c 00000014 T restore_core_regs
00100970 T __gnu_Unwind_Restore_VFP
00100978 T __gnu_Unwind_Save_VFP
00100980 T __gnu_Unwind_Restore_VFP_D
00100988 T __gnu_Unwind_Save_VFP_D
00100990 T __gnu_Unwind_Restore_VFP_D_16_to_31
00100998 T __gnu_Unwind_Save_VFP_D_16_to_31
001009a0 T __gnu_Unwind_Restore_WMMXD
001009e4 T __gnu_Unwind_Save_WMMXD
00100a28 T __gnu_Unwind_Restore_WMMXC
00100a3c T __gnu_Unwind_Save_WMMXC
00100a50 00000024 T ___Unwind_RaiseException
00100a50 00000024 T _Unwind_RaiseException
00100a74 00000024 T ___Unwind_Resume
00100a74 00000024 T _Unwind_Resume
00100a98 00000024 T ___Unwind_Resume_or_Rethrow
00100a98 00000024 T _Unwind_Resume_or_Rethrow
00100abc 00000024 T ___Unwind_ForcedUnwind
00100abc 00000024 T _Unwind_ForcedUnwind
00100ae0 00000024 T ___Unwind_Backtrace
00100ae0 00000024 T _Unwind_Backtrace
00100b28 00000390 T strcmp
00100eb0 t deregister_tm_clones
00100edc t register_tm_clones
00100f14 t __do_global_dtors_aux
00100f58 t frame_dummy
00100f8c 0000002c T M2V_C2D::M2V_C2D()
00100f8c 0000002c T M2V_C2D::M2V_C2D()
00100fb8 00000028 T M2V_C2D::~M2V_C2D()
00100fb8 00000028 T M2V_C2D::~M2V_C2D()
00100fe0 00000140 T M2V_C2D::init()
00101120 00000040 T M2V_C2D::quit()
00101160 00000344 T M2V_C2D::changePage()
001014a4 00000080 T M2V_C2D::run()
00101524 0000002c T DrawingPage::run()
00101550 00000190 T DrawingPage::checkButtonInput() const
001016e0 00000764 T DrawingPage::draw()
00101e44 00000044 W DrawingPage::~DrawingPage()
00101e44 00000044 W DrawingPage::~DrawingPage()
00101e88 0000004c W DrawingPage::~DrawingPage()
00101ed4 000001f0 T DrawingPage::init()
001020c4 000004d0 T DrawingPage::drawPixel(unsigned int, unsigned int)
00102594 000000f4 T DrawingPage::drawLine(unsigned int, unsigned int, unsigned int, unsigned int)
00102688 00000498 T DrawingPage::update()
00102b20 00000008 W ProfilePage::checkButtonInput() const
00102b28 00000004 T ProfilePage::update()
00102b2c 00000044 T ProfilePage::run()
00102b70 000001dc T ProfilePage::draw()
00102d4c 00000044 W ProfilePage::~ProfilePage()
00102d4c 00000044 W ProfilePage::~ProfilePage()
00102d90 0000004c W ProfilePage::~ProfilePage()
00102ddc 000001ac T ProfilePage::init()
00102f88 00000034 T main
00102fbc 00000038 T ConnectionPage::run()
00102ff4 0000005c T ConnectionPage::checkButtonInput() const
00103050 00000044 W ConnectionPage::~ConnectionPage()
00103050 00000044 W ConnectionPage::~ConnectionPage()
00103094 0000004c W ConnectionPage::~ConnectionPage()
001030e0 00000080 T M2VPage::textWrite(char const*, float, float, float, float, unsigned long)
00103160 00000078 T M2VPage::message(char const*)
001031d8 0000028c T ConnectionPage::draw()
00103464 000000bc T M2VPage::strAdd(char const*, char const*) const
00103520 000000d0 T M2VPage::keyboardInput(char*, unsigned int, char const*)
001035f0 00000224 T ConnectionPage::update()
00103814 000001ac T ConnectionPage::init()
001039c0 00000330 T C2D_Init
00103cf0 00000044 T C2D_Fini
00103d34 000000c8 T C2D_Prepare
00103dfc 0000010c T C2D_SceneSize
00103f08 00000044 T C2D_CreateScreenTarget
00103f4c 0000013c T C2Di_CalcQuad
00104088 00000040 T C2Di_AppendVtx
001040c8 00000030 T C2Di_FlushVtxBuf
001040f8 00000020 t C2Di_FrameEndHook
00104118 00000018 T C2D_Flush
00104130 00000030 T C2D_TargetClear
00104160 00000210 T C2Di_Update
00104370 000002ec T C2D_DrawImage
0010465c 0000019c T C2D_DrawRectangle
001047f8 00000018 t C2Di_GlyphComp
00104810 000001c8 T C2D_TextBufNew
001049d8 00000004 T C2D_TextBufDelete
001049dc 0000000c T C2D_TextBufClear
001049e8 00000198 T C2D_TextFontParseLine
00104b80 00000090 T C2D_TextFontParse
00104c10 00000014 T C2D_TextParse
00104c24 0000002c T C2D_TextOptimize
00104c50 0000034c T C2D_DrawText
00104f9c 0000006c T C2D_SpriteSheetLoadFromHandle
00105008 00000034 T C2D_SpriteSheetLoad
0010503c 00000028 T C2D_SpriteSheetFree
00105064 00000008 T C2D_SpriteSheetCount
0010506c 00000028 T C2D_SpriteSheetGetImage
00105094 00000044 T C2D_FontGlyphIndexFromCodePoint
001050d8 00000078 T C2D_FontCalcGlyphPos
00105150 000000c4 t C3Di_SplitFrame.part.1
00105214 00000004 W C3Di_LightEnvUpdate
00105218 00000004 W C3Di_LightEnvDirty
0010521c 000000ac t C3Di_AptEventHook
001052c8 00000004 W C3Di_GasUpdate
001052cc 0000021c T C3D_Init
001054e8 00000098 T C3D_SetViewport
00105580 0000050c T C3Di_UpdateContext
00105a8c 00000020 T C3Di_SplitFrame
00105aac 00000064 T C3D_Fini
00105b10 00000114 T C3D_BindProgram
00105c24 00000054 t C3Di_RenderQueueInit
00105c78 00000080 t C3Di_RenderTargetDestroy
00105cf8 000000ac t onVBlank1
00105da4 0000013c t onVBlank0
00105ee0 0000000c t C3Di_RenderTargetNew
00105eec 0000007c t C3Di_WaitAndClearQueue
00105f68 000000c0 t onQueueFinish
00106028 00000044 t C3D_FrameSplit.part.6
0010606c 00000030 T C3D_FrameSync
0010609c 000000a0 T C3Di_RenderQueueExit
0010613c 00000020 T C3Di_RenderQueueWaitDone
0010615c 0000007c T C3D_FrameBegin
001061d8 00000048 T C3D_FrameDrawOn
00106220 00000018 T C3D_FrameSplit
00106238 00000164 T C3D_FrameEnd
0010639c 0000001c T C3D_FrameEndHook
001063b8 0000017c T C3D_RenderTargetCreate
00106534 0000004c T C3D_RenderTargetSetOutput
00106580 000000b4 T C3D_SyncTextureCopy
00106634 00000284 T C3D_TexInitWithParams
001068b8 000000dc T C3D_TexLoadImage
00106994 00000048 T C3D_TexBind
001069dc 0000007c T C3D_TexDelete
00106a58 00000174 T C3Di_SetTex
00106bcc 000003e8 t Tex3DSi_ImportCommon
00106fb4 00000034 T Tex3DS_TextureImportStdio
00106fe8 00000008 T Tex3DS_GetNumSubTextures
00106ff0 0000001c T Tex3DS_GetSubTexture
0010700c 00000004 T Tex3DS_TextureFree
00107010 0000001c T C3D_CalcColorBufSize
0010702c 0000001c T C3D_CalcDepthBufSize
00107048 00000044 T C3D_SetFrameBuf
0010708c 00000168 T C3Di_FrameBufBind
001071f4 000000c8 T C3D_FrameBufClear
001072bc 00000048 T C3D_FrameBufTransfer
00107304 00000034 T C3D_GetTexEnv
00107338 00000024 T C3Di_TexEnvBind
0010735c 0000006c T C3D_ProcTexInit
001073c8 00000050 T C3D_ProcTexBind
00107418 00000060 T C3D_ProcTexLutBind
00107478 000000a4 T ProcTexLut_FromArray
0010751c 00000174 T C3Di_ProcTexUpdate
00107690 00000068 T C3Di_ProcTexDirty
001076f8 00000024 T BufInfo_Init
0010771c 00000084 T BufInfo_Add
001077a0 00000040 T C3D_SetBufInfo
001077e0 00000048 T C3Di_BufInfoBind
00107828 00000148 T C3D_DrawArrays
00107970 00000040 T C3D_DepthMap
001079b0 0000001c T C3D_CullFace
001079cc 00000040 T C3D_StencilTest
00107a0c 00000024 T C3D_StencilOp
00107a30 0000001c T C3D_BlendingColor
00107a4c 00000024 T C3D_EarlyDepthTest
00107a70 0000002c T C3D_DepthTest
00107a9c 0000002c T C3D_AlphaTest
00107ac8 00000050 T C3D_AlphaBlend
00107b18 00000030 T C3D_FragOpMode
00107b48 00000044 T C3D_FragOpShadow
00107b8c 000001ac T C3Di_EffectBind
00107d38 00000028 T AttrInfo_Init
00107d60 000000a0 T AttrInfo_AddLoader
00107e00 00000054 T C3D_SetAttrInfo
00107e54 00000080 T C3Di_AttrInfoBind
00107ed4 000000a4 T C3D_ImmSendAttrib
00107f78 000002b8 T C3D_UpdateUniforms
00108230 000000c0 T C3Di_DirtyUniforms
001082f0 000000e0 T C3Di_LoadShaderUniforms
001083d0 00000028 T C3Di_ClearShaderUniforms
001083f8 000000cc T Mtx_Ortho
001084c4 000000cc T Mtx_OrthoTilt
00108590 00000024 t addrMapNodeComparator(rbtree_node const*, rbtree_node const*)
001085b4 00000004 t addrMapNodeDestructor(rbtree_node*)
001085b8 00000114 T vramMemAlign
001086cc 00000008 T vramAlloc
001086d4 00000054 T vramFree
00108728 00000024 t addrMapNodeComparator(rbtree_node const*, rbtree_node const*)
0010874c 00000004 t addrMapNodeDestructor(rbtree_node*)
00108750 00000124 T linearMemAlign
00108874 00000008 T linearAlloc
0010887c 00000054 T linearFree
001088d0 0000008c T MemPool::CoalesceRight(MemBlock*)
0010895c 00000174 T MemPool::Allocate(MemChunk&, unsigned long, int)
00108ad0 000000fc T MemPool::Deallocate(MemChunk const&)
00108bcc 00000008 t romfs_close
00108bd4 000000d4 t romfs_seek
00108ca8 00000024 t romfs_dirreset
00108ccc 00000078 t romfs_fstat
00108d44 00000054 t _romfs_read_chk
00108d98 000000cc t romfs_read
00108e64 0000007c t romfs_free
00108ee0 0000016c t romfsMountCommon
0010904c 00000254 t romfs_dirnext
001092a0 000000bc t romfsInitMtime.isra.0
0010935c 000000b4 t searchForFile.constprop.0
00109410 000000b8 t searchForDir.constprop.0
001094c8 000001c4 t navigateToDir.constprop.0
0010968c 0000011c t romfs_open
001097a8 00000204 t romfs_stat
001099ac 00000054 t romfs_chdir
00109a00 00000078 t romfs_diropen
00109a78 00000008 t romfs_dirclose
00109a80 00000344 T romfsMount
00109dc4 00000078 T romfsUnmount
00109e3c 00000058 t getSysTime
00109e94 00000028 t __ctru_speedup_config.part.0
00109ebc 0000004c T osConvertVirtToPhys
00109f08 00000024 T osGetMemRegionUsed
00109f30 00000128 T __libctru_gtod
0010a058 00000018 T __ctru_speedup_config
0010a070 0000009c T fontEnsureMapped
0010a10c 00000134 T fontGlyphIndexFromCodePoint
0010a240 0000006c T fontGetCharWidthInfo
0010a2ac 000001c0 T fontCalcGlyphPos
0010a46c 0000008c t gfxSetFramebufferInfo.part.0
0010a4f8 0000006c t gfxSetFramebufferInfo
0010a564 00000058 t gfxGetFramebuffer.part.0
0010a5bc 00000010 T gfxIs3D
0010a5cc 00000018 T __get_bytes_per_pixel
0010a5e4 00000184 T gfxSetScreenFormat
0010a768 00000214 T gfxInit
0010a97c 00000010 T gfxInitDefault
0010a98c 000000e0 T gfxExit
0010aa6c 00000064 T gfxGetFramebuffer
0010aad0 000000f4 T gfxConfigScreen
0010abc4 000001f0 T shaderInstanceInit
0010adb4 00000034 T shaderInstanceFree
0010ade8 00000018 T shaderInstanceGetUniformLocation
0010ae00 00000018 T shaderProgramInit
0010ae18 0000002c T shaderProgramFree
0010ae44 0000006c T shaderProgramSetVsh
0010aeb0 000008b4 T shaderProgramConfigure
0010b764 000001f8 t DVLE_GenerateOutmap.part.0
0010b95c 000001c8 T DVLB_ParseFile
0010bb24 00000038 T DVLB_Free
0010bb5c 00000078 T DVLE_GetUniformRegister
0010bbd4 00000038 t submitGxCommand
0010bc0c 00000010 T GX_BindQueue
0010bc1c 00000050 T GX_ProcessCommandList
0010bc6c 00000054 T GX_MemoryFill
0010bcc0 00000048 T GX_DisplayTransfer
0010bd08 0000004c T GX_TextureCopy
0010bd54 00000074 t gxCmdQueueDoCommands.part.0
0010bdc8 000000c8 T gxCmdQueueInterrupt
0010be90 0000004c T gxCmdQueueClear
0010bedc 000000f8 T gxCmdQueueAdd
0010bfd4 00000080 T gxCmdQueueRun
0010c054 00000060 T gxCmdQueueStop
0010c0b4 00000084 T gxCmdQueueWait
0010c138 0000013c T GPUCMD_Add
0010c274 000000b0 T GPUCMD_Split
0010c324 00000040 T f32tof16
0010c364 00000040 T f32tof24
0010c3a4 00000044 T f32tof31
0010c3e8 00000074 T gspInit
0010c45c 0000003c T gspExit
0010c498 00000034 T gspSetEventCallback
0010c4cc 000000a4 T gspInitEventHandler
0010c570 00000040 T gspExitEventHandler
0010c5b0 00000050 T gspWaitForEvent
0010c600 00000064 T gspWaitForAnyEvent
0010c664 00000178 t gspEventThreadMain
0010c7dc 00000124 T gspSubmitGxCommand
0010c900 0000006c T GSPGPU_SetBufferSwap
0010c96c 0000004c T GSPGPU_FlushDataCache
0010c9b8 00000034 T GSPGPU_SetLcdForceBlack
0010c9ec 00000064 T GSPGPU_RegisterInterruptRelayQueue
0010ca50 0000002c T GSPGPU_UnregisterInterruptRelayQueue
0010ca7c 00000048 T GSPGPU_AcquireRight
0010cac4 0000002c T GSPGPU_ReleaseRight
0010caf0 00000080 T GSPGPU_ImportDisplayCaptureInfo
0010cb70 0000002c T GSPGPU_SaveVramSysArea
0010cb9c 0000002c T GSPGPU_RestoreVramSysArea
0010cbc8 00000004 W _aptDebug
0010cbcc 00000170 T aptSendCommand
0010cd3c 0000003c t aptExitProcess
0010cd78 00000030 T aptHook
0010cda8 00000030 T aptUnhook
0010cdd8 0000001c T aptSetMessageCallback
0010cdf4 00000050 T APT_InquireNotification
0010ce44 00000194 t aptEventHandler
0010cfd8 00000074 T APT_AppletUtility
0010d04c 000000b0 T aptSetSleepAllowed
0010d0fc 000000b4 T APT_GlanceParameter
0010d1b0 000000c8 T APT_ReceiveParameter
0010d278 000000bc t aptReceiveParameter.constprop.0
0010d338 000001e0 t aptScreenTransfer
0010d518 00000210 t aptWaitForWakeUp
0010d728 00000058 T APT_SendParameter
0010d780 00000070 T APT_CancelParameter
0010d7f0 0000025c T aptInit
0010da4c 00000088 t aptClearParamQueue
0010dad4 00000264 T aptMainLoop
0010dd38 00000254 T aptExit
0010df8c 000000dc T aptLaunchLibraryApplet
0010e068 0000007c T APT_CheckNew3DS
0010e0e4 00000048 T APT_GetSharedFont
0010e12c 00000028 t hidCheckSectionUpdateTime.part.0
0010e154 000000d0 T hidExit
0010e224 000001d8 T hidScanInput
0010e3fc 00000010 T hidKeysDown
0010e40c 00000018 T hidTouchRead
0010e424 00000090 T HIDUSER_GetHandles
0010e4b4 000001a4 T hidInit
0010e658 00000074 T ptmSysmInit
0010e6cc 0000003c T ptmSysmExit
0010e708 00000034 T PTMSYSM_ConfigureNew3DSCPU
0010e73c 00000028 t fsSessionForArchive.part.0
0010e764 000000c4 T fsInit
0010e828 0000003c T fsExit
0010e864 00000064 T fsExemptFromSession
0010e8c8 0000005c T fsUnexemptFromSession
0010e924 000000bc T FSUSER_OpenFile
0010e9e0 000000d4 T FSUSER_OpenFileDirectly
0010eab4 000000ac T FSUSER_DeleteFile
0010eb60 000000e8 T FSUSER_RenameFile
0010ec48 000000ac T FSUSER_DeleteDirectory
0010ecf4 000000c4 T FSUSER_CreateFile
0010edb8 000000b4 T FSUSER_CreateDirectory
0010ee6c 000000e8 T FSUSER_RenameDirectory
0010ef54 000000a0 T FSUSER_OpenDirectory
0010eff4 00000098 T FSUSER_OpenArchive
0010f08c 000000a0 T FSUSER_ControlArchive
0010f12c 00000078 T FSUSER_CloseArchive
0010f1a4 00000078 T FSUSER_GetSdmcArchiveResource
0010f21c 00000064 T FSUSER_IsSdmcWritable
0010f280 0000005c T FSFILE_Read
0010f2dc 00000064 T FSFILE_Write
0010f340 00000038 T FSFILE_GetSize
0010f378 00000028 T FSFILE_SetSize
0010f3a0 0000003c T FSFILE_Close
0010f3dc 00000024 T FSFILE_Flush
0010f400 00000054 T FSDIR_Read
0010f454 0000003c T FSDIR_Close
0010f490 00000028 t swkbdConvertToUTF16.part.0
0010f4b8 00000168 t swkbdMessageCallback
0010f620 00000078 T swkbdInit
0010f698 0000002c T swkbdSetHintText
0010f6c4 00000054 T swkbdSetButton
0010f718 000003b4 T swkbdInputText
0010facc 00000120 t iov_memmove
0010fbec 000000cc t buffer_read
0010fcb8 000000d8 t iov_read
0010fd90 000001c4 t decompress_rle
0010ff54 00000268 t decompress_lzss
001101bc 000002ec t decompress_huff.isra.0.part.0
001104a8 00000440 t decompress_lz11
001108e8 00000010 T decompressCallback_Stdio
001108f8 000000e8 T decompressHeader
001109e0 0000023c T decompressV
00110c1c 00000014 T rbtree_init
00110c30 000001a4 t do_insert
00110dd4 00000008 T rbtree_insert
00110ddc 00000090 T rbtree_rotate
00110e6c 00000334 T rbtree_remove
001111a0 00000074 T rbtree_find
00111214 000000e8 T utf16_to_utf8
001112fc 00000060 T decode_utf16
0011135c 00000138 T decode_utf8
00111494 000000c0 T utf8_to_utf16
00111554 00000038 W __libctru_init
0011158c 00000034 t __libctru_nanosleep
001115c0 00000030 t __ctru_get_reent
001115f0 000000fc T __system_initSyscalls
001116ec 00000100 W __system_allocateHeaps
001117ec 000000f0 T __system_initArgv
001118dc T svcControlMemory
001118fc T svcExitProcess
00111904 T svcCreateThread
00111924 T svcExitThread
0011192c T svcSleepThread
00111934 T svcReleaseMutex
0011193c T svcCreateEvent
00111950 T svcSignalEvent
00111958 T svcClearEvent
00111960 T svcCreateMemoryBlock
00111978 T svcMapMemoryBlock
00111980 T svcUnmapMemoryBlock
00111988 T svcCreateAddressArbiter
0011199c T svcArbitrateAddress
001119b4 T svcCloseHandle
001119bc T svcWaitSynchronization
001119c4 T svcWaitSynchronizationN
001119ec T svcDuplicateHandle
00111a00 T svcGetSystemTick
00111a08 T svcGetSystemInfo
00111a20 T svcConnectToPort
00111a34 T svcSendSyncRequest
00111a3c T svcBreak
00111a44 00000024 t addrMapNodeComparator(rbtree_node const*, rbtree_node const*)
00111a68 00000004 t addrMapNodeDestructor(rbtree_node*)
00111a6c 000000e8 T mappableAlloc
00111b54 00000054 T mappableFree
00111ba8 00000038 t LightLock_Unlock.part.0
00111be0 0000000c T __sync_init
00111bec 00000018 T __sync_fini
00111c04 00000010 T __sync_get_arbiter
00111c14 00000018 T LightLock_Init
00111c2c 00000090 T LightLock_Lock
00111cbc 00000034 T LightLock_TryLock
00111cf0 00000020 T LightLock_Unlock
00111d10 00000024 T RecursiveLock_Init
00111d34 00000030 T RecursiveLock_Lock
00111d64 00000058 T RecursiveLock_TryLock
00111dbc 00000038 T RecursiveLock_Unlock
00111df4 00000038 T LightEvent_Init
00111e2c 0000007c T LightEvent_Clear
00111ea8 000000dc T LightEvent_Signal
00111f84 000000c0 T LightEvent_Wait
00112044 00000084 T envGetHandle
001120c8 0000004c T envDestroyHandles
00112114 00000058 T srvExit
0011216c 00000038 T srvRegisterClient
001121a4 000000cc T srvInit
00112270 00000080 T srvGetServiceHandleDirect
001122f0 00000048 T srvGetServiceHandle
00112338 0000001c t threadFree.part.0
00112354 00000180 T threadCreate
001124d4 00000024 T threadJoin
001124f8 00000068 T threadExit
00112560 00000048 t _thread_begin
001125a8 000000ac T irrstScanInput
00112654 00000024 T irrstKeysHeld
00112678 00000050 T IRRST_GetHandles
001126c8 00000154 T irrstInit
0011281c 0000002c T IRRST_Shutdown
00112848 000000ac T irrstExit
001128f4 0000000c T srvPmGetSessionHandle
00112900 00000050 T rbtree_node_next
00112950 00000068 T encode_utf16
001129b8 00000104 T encode_utf8
00112abc 0000001c W __appInit
00112ad8 0000001c W __appExit
00112af4 000000a0 W __libctru_exit
00112b94 00000014 t sdmc_link
00112ba8 00000014 t sdmc_dirreset
00112bbc 00000014 t sdmc_chmod
00112bd0 00000024 t error_cmp
00112bf4 00000050 t sdmc_translate_error
00112c44 00000034 t sdmc_fsync
00112c78 00000054 t sdmc_ftruncate
00112ccc 000000bc t sdmc_statvfs
00112d88 00000038 t sdmc_dirclose
00112dc0 0000013c t sdmc_dirnext
00112efc 00000034 t sdmc_close
00112f30 00000070 t sdmc_fstat
00112fa0 000000d4 t sdmc_seek
00113074 00000078 t sdmc_read
001130ec 000000ac t sdmc_write
00113198 000001b0 t sdmc_utf16path
00113348 00000074 t sdmc_rmdir
001133bc 000000a4 t sdmc_diropen
00113460 000000ac t sdmc_chdir
0011350c 00000098 t sdmc_mkdir
001135a4 00000108 t sdmc_rename
001136ac 00000074 t sdmc_unlink
00113720 00000108 t sdmc_stat
00113828 00000198 t sdmc_open
001139c0 00000014 t sdmc_fchmod
001139d4 00000168 T sdmcInit
00113b3c 00000060 T sdmcExit
00113b9c T __aeabi_read_tp
00113ba8 00000004 T operator delete(void*)
00113bac 00000004 T operator delete[](void*)
00113bb0 0000005c T operator new(unsigned int)
00113c0c 00000004 T operator new[](unsigned int)
00113c10 00000008 T __cxa_pure_virtual
00113c18 0000000c T std::bad_alloc::what() const
00113c24 00000020 T std::bad_alloc::~bad_alloc()
00113c24 00000020 T std::bad_alloc::~bad_alloc()
00113c44 0000002c T std::bad_alloc::~bad_alloc()
00113c70 00000004 T operator delete(void*, unsigned int)
00113c74 000000d4 t (anonymous namespace)::pool::free(void*) [clone .constprop.0]
00113d48 00000090 t (anonymous namespace)::pool::allocate(unsigned int) [clone .constprop.0]
00113dd8 00000044 T __cxa_allocate_exception
00113e1c 00000030 T __cxa_free_exception
00113e4c 00000040 t _GLOBAL__sub_I__ZN9__gnu_cxx9__freeresEv
00113e8c 00000004 T std::exception::~exception()
00113e8c 00000004 T std::exception::~exception()
00113e90 00000004 T std::bad_exception::~bad_exception()
00113e90 00000004 T std::bad_exception::~bad_exception()
00113e94 0000000c T transaction clone for std::bad_exception::what() const
00113e94 0000000c T std::bad_exception::what() const
00113ea0 00000018 T std::bad_exception::~bad_exception()
00113eb8 00000038 T __cxxabiv1::__terminate(void (*)())
00113ef0 00000018 T std::terminate()
00113f08 0000000c T __cxxabiv1::__unexpected(void (*)())
00113f14 00000018 T std::unexpected()
00113f2c 00000014 T std::get_terminate()
00113f40 00000014 T std::get_unexpected()
00113f54 00000070 t __gxx_exception_cleanup(_Unwind_Reason_Code, _Unwind_Control_Block*)
00113fc4 00000070 T __cxa_init_primary_exception
00114034 00000058 T __cxa_throw
0011408c 000000b0 T __cxa_rethrow
0011413c 00000014 T std::get_new_handler()
00114150 00000020 T __cxxabiv1::__si_class_type_info::~__si_class_type_info()
00114150 00000020 T __cxxabiv1::__si_class_type_info::~__si_class_type_info()
00114170 0000002c T __cxxabiv1::__si_class_type_info::~__si_class_type_info()
0011419c 0000006c T __cxxabiv1::__si_class_type_info::__do_find_public_src(int, void const*, __cxxabiv1::__class_type_info const*, void const*) const
00114208 000000dc T __cxxabiv1::__si_class_type_info::__do_dyncast(int, __cxxabiv1::__class_type_info::__sub_kind, __cxxabiv1::__class_type_info const*, void const*, __cxxabiv1::__class_type_info const*, void const*, __cxxabiv1::__class_type_info::__dyncast_result&) const
001142e4 00000044 T __cxxabiv1::__si_class_type_info::__do_upcast(__cxxabiv1::__class_type_info const*, void const*, __cxxabiv1::__class_type_info::__upcast_result&) const
00114328 00000004 T std::type_info::~type_info()
00114328 00000004 T std::type_info::~type_info()
0011432c 00000008 T std::type_info::__is_pointer_p() const
0011432c 00000008 T std::type_info::__is_function_p() const
00114334 0000004c T std::type_info::operator==(std::type_info const&) const
00114380 0000005c T __cxxabiv1::__class_type_info::__do_upcast(__cxxabiv1::__class_type_info const*, void**) const
001143dc 00000014 T __cxxabiv1::__class_type_info::__do_find_public_src(int, void const*, __cxxabiv1::__class_type_info const*, void const*) const
001143f0 00000020 T __cxxabiv1::__class_type_info::~__class_type_info()
001143f0 00000020 T __cxxabiv1::__class_type_info::~__class_type_info()
00114410 0000002c T __cxxabiv1::__class_type_info::~__class_type_info()
0011443c 00000068 T __cxxabiv1::__class_type_info::__do_dyncast(int, __cxxabiv1::__class_type_info::__sub_kind, __cxxabiv1::__class_type_info const*, void const*, __cxxabiv1::__class_type_info const*, void const*, __cxxabiv1::__class_type_info::__dyncast_result&) const
001144a4 0000002c T __cxxabiv1::__class_type_info::__do_upcast(__cxxabiv1::__class_type_info const*, void const*, __cxxabiv1::__class_type_info::__upcast_result&) const
001144d0 00000044 T __cxxabiv1::__class_type_info::__do_catch(std::type_info const*, void**, unsigned int) const
00114514 T __cxa_end_cleanup
00114524 00000138 T __cxa_type_match
0011465c 000000b4 T __cxa_begin_cleanup
00114710 000000b4 T __gnu_end_cleanup
001147c4 00000070 t __cxxabiv1::__is_gxx_exception_class(char*)
00114834 0000002c T __cxa_call_terminate
00114860 00000158 T __cxa_call_unexpected
001149b8 000000cc T __cxa_begin_catch
00114a84 000000e0 T __cxa_end_catch
00114b64 0000000c T __cxa_get_globals_fast
00114b70 0000000c T __cxa_get_globals
00114b7c 00000168 t read_encoded_value_with_base(unsigned char, unsigned int, unsigned char const*, unsigned int*)
00114ce4 00000064 t base_of_encoded_value(unsigned char, _Unwind_Context*)
00114d48 000000d8 t parse_lsda_header(_Unwind_Context*, unsigned char const*, lsda_header_info*)
00114e20 00000700 T __gxx_personality_v0
00115520 00000244 T cosf
00115764 00000024 t with_errnof
00115788 0000001c T __math_invalidf
001157a4 000000b4 T ceilf
00115858 0000026c T sinf
00115ac8 000000f8 T sqrt
00115bc0 00000008 T __ieee754_sqrt
00115bc8 00000008 T matherr
00115bd0 00000038 T __aeabi_d2lz
00115bd0 00000038 T __fixdfdi
00115c08 00000040 T __aeabi_d2ulz
00115c08 00000040 T __fixunsdfdi
00115c48 00000130 T __udivmoddi4
00115d78 00000018 t selfrel_offset31
00115d90 0000008c t search_EIT_table
00115e1c 00000040 t __gnu_unwind_get_pr_addr
00115e5c 00000114 t get_eit_entry
00115f70 00000088 t restore_non_core_regs
00115ff8 00000014 t _Unwind_decode_typeinfo_ptr.isra.0
0011600c 00000004 t _Unwind_DebugHook
00116010 00000064 t unwind_phase2
00116074 00000134 t unwind_phase2_forced
001161a8 000000a4 T __gnu_Unwind_RaiseException
0011624c 00000024 T __gnu_Unwind_ForcedUnwind
00116270 00000074 T __gnu_Unwind_Resume
001162e4 00000020 T __gnu_Unwind_Resume_or_Rethrow
00116304 00000004 T _Unwind_Complete
00116308 00000018 T _Unwind_DeleteException
00116320 00000064 T _Unwind_VRS_Get
00116384 0000002c t _Unwind_GetGR
001163b0 00000064 T _Unwind_VRS_Set
00116414 00000030 t _Unwind_SetGR
00116444 000000c0 T __gnu_Unwind_Backtrace
00116504 0000044c t __gnu_unwind_pr_common
00116950 00000008 T __aeabi_unwind_cpp_pr0
00116958 00000008 W __aeabi_unwind_cpp_pr1
00116960 00000008 W __aeabi_unwind_cpp_pr2
00116968 000003d0 T _Unwind_VRS_Pop
00116d38 00000060 t next_unwind_byte
00116d98 0000002c t _Unwind_GetGR.constprop.0
00116dc4 00000004 t unwind_UCB_from_context
00116dc8 000003c8 T __gnu_unwind_execute
00117190 00000044 T __gnu_unwind_frame
001171d4 00000010 T _Unwind_GetRegionStart
001171e4 0000001c T _Unwind_GetLanguageSpecificData
00117200 00000008 T _Unwind_GetDataRelBase
00117208 00000008 T _Unwind_GetTextRelBase
00117210 00000014 T abort
00117224 00000054 T __assert_func
00117278 0000007c T bsearch
001172f4 00000028 T calloc
0011731c 00000094 T _calloc_r
001173b0 0000000c T __errno
001173bc 00000034 T exit
001173f0 00000160 T _fclose_r
00117550 00000020 T fclose
00117570 00000278 T __sflush_r
001177e8 00000094 T _fflush_r
0011787c 00000038 T fflush
001178b4 00000078 t std
0011792c 0000000c T _cleanup_r
00117938 00000048 T __sfmoreglue
00117980 0000008c T __sinit
00117a0c 0000010c T __sfp
00117b18 0000000c T __sfp_lock_acquire
00117b24 0000000c T __sfp_lock_release
00117b30 0000003c T __libc_fini_array
00117b6c 0000003c T fiprintf
00117ba8 00000138 T _fopen_r
00117ce0 00000028 T fopen
00117d08 000002e0 T _fread_r
00117fe8 00000038 T fread
00118020 000000f8 T _malloc_trim_r
00118118 000002e8 T _free_r
00118400 00000020 T _fseek_r
00118420 000005ac T _fseeko_r
001189cc 00000068 T _fwalk
00118a34 00000070 T _fwalk_reent
00118aa4 0000007c T __libc_init_array
00118b20 00000094 T __swhatbuf_r
00118bb4 000000f8 T __smakebuf_r
00118cac 00000028 T memalign
00118cd4 0000014c T _memalign_r
00118e20 00000020 T malloc
00118e40 00000020 T free
00118e60 000007d0 T _malloc_r
00119630 000000a0 T memcmp
001196d0 00000120 T memcpy
001197f0 00000118 T memset
00119908 0000000c T __malloc_lock
00119914 0000000c T __malloc_unlock
00119920 0000094c T qsort
0011a26c 000004bc T _realloc_r
0011a728 0000001c t lflush
0011a744 000001ac T __srefill_r
0011a8f0 00000098 T _raise_r
0011a988 00000020 T raise
0011a9a8 0000003c T __sread
0011a9e4 00000068 T __swrite
0011aa4c 00000058 T __sseek
0011aaa4 00000008 T __sclose
0011aaac 00000144 T strchr
0011abf0 0000005c T strlen
0011ac4c 00000098 T strncat
0011ace4 000000ec T strncmp
0011add0 000000c0 T strncpy
0011ae90 00000048 T strnlen
0011aed8 0000003c T time
0011af14 00000650 t get_arg
0011b564 00000034 T __sprint_r
0011b598 0000256c T _vfiprintf_r
0011db04 000000d4 t __sbprintf
0011dbd8 00000054 T _wcrtomb_r
0011dc2c 00000020 T _wcsrtombs_r
0011dc4c 00000150 T __swsetup_r
0011dd9c 00000118 T __call_exitprocs
0011deb4 000000c8 T __sflags
0011df7c 000004a4 T __sfvwrite_r
0011e420 0000000c T _localeconv_r
0011e42c 00000010 T __locale_mb_cur_max
0011e43c 000002fc T __utf8_mbtowc
0011e738 000000e0 T memchr
0011e818 00000154 T memmove
0011e96c 00000190 T _wcsnrtombs_l
0011eafc 00000048 T _wcsnrtombs_r
0011eb44 000000f0 T __utf8_wctomb
0011ec34 00000008 t null_write
0011ec3c 00000018 T setDefaultDevice
0011ec54 000000c8 T FindDevice
0011ed1c 00000028 T RemoveDevice
0011ed44 0000009c T AddDevice
0011ede0 00000078 T _fstat_r
0011ee58 00000014 T _getpid_r
0011ee6c 00000038 T _gettimeofday_r
0011eea4 00000008 T _isatty_r
0011eeac 00000014 T _kill_r
0011eec0 00000084 T _lseek_r
0011ef44 000000c4 T _open_r
0011f008 00000080 T _read_r
0011f088 00000078 T _sbrk_r
0011f100 00000080 T _write_r
0011f180 00000024 T _exit
0011f1a4 000001bc T _concatenate_path
0011f360 0000015c T chdir
0011f4bc 00000008 T __flockfile
0011f4c4 00000008 T __funlockfile
0011f4cc 00000018 T __libc_lock_acquire
0011f4e4 00000018 T __libc_lock_release
0011f4fc 00000018 T __libc_lock_init_recursive
0011f514 00000018 T __libc_lock_acquire_recursive
0011f52c 00000018 T __libc_lock_release_recursive
0011f544 00000018 T __libc_lock_close_recursive
0011f55c 0000008c T __release_handle
0011f5e8 000000b4 T __alloc_handle
0011f69c 0000003c T __get_handle
0011f6d8 000000f8 T _close_r
0011f7d0 00000028 T __getreent
0011f7f8 00000044 T strrchr
0011f83c T _fini
00120020 00000020 R vtable for DrawingPage
00120040 00000020 R vtable for ProfilePage
00120060 00000020 R vtable for ConnectionPage
00120080 R render2d_shbin
0012020c R render2d_shbin_end
0012020c R render2d_shbin_size
00120230 00000020 V vtable for M2VPage
00120494 00000038 r CSWTCH.11
001204cc 00000005 r colorFmtSizes
001204d4 00000004 r depthFmtSizes
001204d8 00000010 r CSWTCH.7
00120518 00000014 r CSWTCH.62
0012052c 00000008 r framebufferInfoSt
001205a4 00000030 r error_table
001205e4 0000000c R typeinfo for std::bad_alloc
001205f0 0000000d R typeinfo name for std::bad_alloc
00120600 00000014 R vtable for std::bad_alloc
00120628 00000008 R typeinfo for __cxxabiv1::__forced_unwind
00120630 00000008 R typeinfo for __cxxabiv1::__foreign_exception
00120638 0000000c R typeinfo for std::bad_exception
00120644 00000008 R typeinfo for std::exception
0012064c 00000020 R typeinfo name for __cxxabiv1::__forced_unwind
0012066c 00000024 R typeinfo name for __cxxabiv1::__foreign_exception
00120690 00000012 R typeinfo name for std::bad_exception
001206a4 0000000d R typeinfo name for std::exception
001206b4 00000014 R vtable for std::bad_exception
001206c8 0000000c R typeinfo for __cxxabiv1::__si_class_type_info
001206d4 00000025 R typeinfo name for __cxxabiv1::__si_class_type_info
001206fc 0000002c R vtable for __cxxabiv1::__si_class_type_info
00120728 00000008 R typeinfo for std::type_info
00120730 0000000d R typeinfo name for std::type_info
00120740 0000000c R typeinfo for __cxxabiv1::__class_type_info
0012074c 00000022 R typeinfo name for __cxxabiv1::__class_type_info
00120770 0000002c R vtable for __cxxabiv1::__class_type_info
0012079c 00000060 R __inv_pio4
00120800 000000e0 R __sincosf_table
00120928 00000004 R _global_impure_ptr
00120958 00000010 r blanks.8759
00120968 00000010 r zeroes.8760
001209bc 0000006c R __action_table
00120a28 00000100 R __chclass
00120b28 0000006c R __state_table
00120b94 00000101 R _ctype_
00120ca0 00000070 R dotab_stdnull
00120d10 r 
00120d8c R __exidx_start
00120efc R __exidx_end
00121000 W __stacksize__
00121004 00000004 d framerate
00121008 00000008 d framerateCounter
00121010 00000070 d romFS_devoptab
00121080 00000001 d botFormat
00121084 00000008 d doubleBuf
0012108c 00000001 d topFormat
00121090 00000004 d queueLock
00121094 00000004 d gspLastEvent
00121098 00000004 d aptFlags
0012109c 00000001 d aptHomeAllowed
001210a0 00000004 V __ctru_linear_heap_size
001210a4 00000401 d __cwd
001214a8 00000070 d sdmc_devoptab
00121518 00000004 D __cxxabiv1::__unexpected_handler
0012151c 00000004 D __cxxabiv1::__terminate_handler
00121520 00000001 D __fdlib_version
00121524 0000000c d __sfp_recursive_mutex
00121530 0000000c d __sinit_recursive_mutex
0012153c 00000004 D _impure_ptr
00121540 00000460 d impure_data
001219a0 00000408 D __malloc_av_
00121da8 00000004 D __malloc_sbrk_base
00121dac 00000004 D __malloc_trim_threshold
00121db0 0000000c d __malloc_recursive_mutex
00121dbc 0000000c D __atexit_recursive_mutex
00121dc8 0000016c D __global_locale
00121f34 00000004 d defaultDevice
00121f38 0000008c D devoptab_list
00121fc4 00000400 d _current_working_directory
001223c4 00000004 d __hndl_lock
001223c8 0000000c d __stderr_handle
001223d4 0000000c d __stdin_handle
001223e0 0000000c d __stdout_handle
001223ec 00001000 d handles
001233ec t __frame_dummy_init_array_entry
001233ec T __init_array_start
001233ec B __preinit_array_end
001233ec B __preinit_array_start
001233ec D __tdata_lma
001233ec D __tdata_lma_end
001233ec D __TMC_END__
001233ec d __TMC_LIST__
001233f4 t __do_global_dtors_aux_fini_array_entry
001233f4 T __fini_array_start
001233f4 T __init_array_end
001233f8 T __bss_start__
001233f8 T __fini_array_end
001233f8 b saved_stack
00123400 b completed.10434
00123404 b object.10439
0012341c 00000040 b s_projBot
0012345c 00000040 b s_projTop
0012349c 00000004 b uLoc_mdlvMtx
001234a0 00000004 b uLoc_projMtx
001234a4 00000004 b s_glyphSheets
001234a8 00000004 b s_textScale
001234ac 0000000c b hookCookie
001234b8 00000010 b cpuTime
001234c8 00000004 b firstTarget
001234cc 00000008 b frameCounter
001234d4 00000004 b frameEndCb
001234d8 00000004 b frameEndCbData
001234dc 00000001 b frameStage
001234e0 00000010 b gpuTime
001234f0 00000001 b inFrame
001234f1 00000001 b inSafeTransfer
001234f2 00000001 b initialized
001234f4 00000004 b lastTarget
001234f8 0000000c b linkedTarget
00123504 00000001 b measureGpuTime
00123508 000000c0 b C3Di_FVUnifEverDirty
001235c8 00000008 b C3Di_IVUnifEverDirty
001235d0 00000018 b C3Di_ShaderFVecData
001235e8 0000000c b sAddrMap
001235f4 00000008 b sVramPool
001235fc 00000008 b sLinearPool
00123604 0000000c b sAddrMap
00123610 00000401 b __component
00123a14 00000004 V __romfs_path
00123a18 00000802 b __utf16path
0012421c 00000004 b romfs_mount_list
00124220 00000001 V __ctru_speedup
00124224 00000004 b sharedFontAddr
00124228 00000002 b currentBuffer
0012422a 00000001 b enable3d
0012422c 00000004 b screenAlloc
00124230 00000004 b screenFree
00124234 00000004 b boundQueue
00124238 00000004 b curQueue
0012423c 00000001 b isActive
0012423d 00000001 b isRunning
0012423e 00000001 b shouldStop
00124240 00000004 b gspEvent
00124244 0000001c b gspEventCb
00124260 0000001c b gspEventCbData
0012427c 00000007 b gspEventCbOneShot
00124284 0000001c b gspEventCounts
001242a0 00000004 b gspEventData
001242a4 00000004 b gspEventThread
001242a8 00000038 b gspEvents
001242e0 00000004 b gspRefCount
001242e4 00000001 b gspRunEvents
001242e5 00000001 b aptChainloadMediatype
001242e8 00000008 b aptChainloadTid
001242f0 00000004 b aptEventHandlerThread
001242f4 0000000c b aptEvents
00124300 0000000c b aptFirstHook
0012430c 00000001 b aptHomeButtonState
00124310 00000004 b aptLockHandle
00124314 00000004 b aptMessageFunc
00124318 00000004 b aptMessageFuncData
0012431c 00001000 b aptParameters
0012531c 00000001 b aptRecentHomeButtonState
00125320 00000004 b aptRefCount
00125324 00000008 b aptSleepEvent
0012532c 00000001 b flagInit.8300
0012532d 00000001 b flagValue.8301
00125330 00000004 b serviceName.7930
00125334 00000006 b aVec
0012533c 00000004 b cPos
00125340 00000006 b gRate
00125348 00000004 b hidRefCount
0012534c 00000004 b kDown
00125350 00000004 b kHeld
00125354 00000004 b kOld
00125358 00000004 b kUp
0012535c 00000004 b tPos
00125360 00000004 b ptmSysmHandle
00125364 00000004 b ptmSysmRefCount
00125368 00000080 b fsExemptArchives
001253e8 00000004 b fsuHandle
001253ec 00000004 b fsuRefCount
001253f0 00000004 b swkbdSharedMem
001253f4 00000004 b swkbdSharedMemHandle
001253f8 00000004 V __ctru_heap_size
001253fc 00000008 b sMappablePool
00125404 0000000c b sAddrMap
00125410 00000004 b arbiter
00125414 00000004 b srvHandle
00125418 00000004 b srvRefCount
0012541c 00000004 b csPos
00125420 00000004 b irrstRefCount
00125424 00000004 b kHeld
00125428 00000004 b srvPmHandle
00125430 00000008 b sdmcArchive
00125438 00000001 b sdmcInitialised
0012543c 00000010 b (anonymous namespace)::emergency_pool
0012544c 00000004 b (anonymous namespace)::__new_handler
00125450 0000000c b eh_globals
0012545c 00000028 B __malloc_current_mallinfo
00125484 00000004 B __malloc_max_sbrked_mem
00125488 00000004 B __malloc_max_total_mem
0012548c 00000004 B __malloc_top_pad
00125490 00000004 b heap_start.7420
00125494 00000004 B fake_heap_end
00125498 00000004 B fake_heap_start
0012549c 00000400 b temp_cwd
0012589c 00000048 B __syscalls
001258e8 000005a0 B __C2Di_Context
00125e88 000002d0 B __C3D_Context
00126158 00000020 B C3D_IVUnif
00126178 000000c0 B C3D_FVUnifDirty
00126238 00000002 B C3D_BoolUnifsDirty
0012623c 00000008 B C3D_IVUnifDirty
00126244 00000004 B C3D_BoolUnifs
00126248 00000c00 B C3D_FVUnif
00126e48 00000004 B g_sharedFont
00126e4c 00000008 B gfxBottomFramebuffers
00126e54 00000004 B gspSharedMemHandle
00126e58 0000001c B bottomFramebufferInfo
00126e74 00000004 B gspEvent
00126e78 00000008 B gfxTopLeftFramebuffers
00126e80 00000008 B gfxTopRightFramebuffers
00126e88 0000001c B topFramebufferInfo
00126ea4 00000001 B gfxThreadID
00126ea8 00000004 B gfxSharedMemory
00126eac 00000004 B gfxTopFramebufferMaxSize
00126eb0 00000004 B gfxBottomFramebufferMaxSize
00126eb4 00000004 B gxCmdBuf
00126eb8 00000004 B gpuCmdBuf
00126ebc 00000004 B gpuCmdBufOffset
00126ec0 00000004 B gpuCmdBufSize
00126ec4 00000004 B gspGpuHandle
00126ec8 00000004 B hidMemHandle
00126ecc 00000004 B hidHandle
00126ed0 00000004 B hidSharedMem
00126ed4 00000014 B hidEvents
00126ee8 00000004 B __system_retAddr
00126eec 00000004 B __ctru_linear_heap
00126ef0 00000004 B __ctru_heap
00126ef4 00000004 B __system_argv
00126ef8 00000004 B __system_argc
00126efc 00000004 B irrstHandle
00126f00 00000004 B irrstEvent
00126f04 00000004 B irrstMemHandle
00126f08 00000004 B irrstSharedMem
00126f0c B __tls_start
00128318 B __bss_end__
00128318 A __end__
00128318 B __tls_end
